#
# A fatal error has been detected by the Java Runtime Environment:
#
#  EXCEPTION_ACCESS_VIOLATION (0xc0000005) at pc=0x00007ffb6fe47b30, pid=5264, tid=18180
#
# JRE version: Java(TM) SE Runtime Environment (10.0.2+13) (build 10.0.2+13)
# Java VM: Java HotSpot(TM) 64-Bit Server VM (10.0.2+13, mixed mode, tiered, compressed oops, g1 gc, windows-amd64)
# Problematic frame:
# C  [glass.dll+0x27b30]
#
# No core dump will be written. Minidumps are not enabled by default on client versions of Windows
#
# If you would like to submit a bug report, please visit:
#   http://bugreport.java.com/bugreport/crash.jsp
#

---------------  S U M M A R Y ------------

Command Line: -agentlib:jdwp=transport=dt_socket,address=127.0.0.1:62690,suspend=y,server=n -javaagent:C:\Users\Storytime\AppData\Local\JetBrains\Toolbox\apps\IDEA-U\ch-0\183.4588.61\lib\rt\debugger-agent.jar -Dfile.encoding=UTF-8 ApplicationStart --add-modules java.xml.bind

Host: Intel(R) Core(TM) i5-6200U CPU @ 2.30GHz, 4 cores, 7G,  Windows 10 , 64 bit Build 17134 (10.0.17134.1)
Time: Sun Jan 20 19:30:21 2019 RTZ 6 (ceia) elapsed time: 2548 seconds (0d 0h 42m 28s)

---------------  T H R E A D  ---------------

Current thread (0x00000177b7939000):  VMThread "VM Thread" [stack: 0x000000043d200000,0x000000043d300000] [id=18180]

Stack: [0x000000043d200000,0x000000043d300000],  sp=0x000000043d2ff000,  free space=1020k
Native frames: (J=compiled Java code, j=interpreted, Vv=VM code, C=native code)
C  [glass.dll+0x27b30]


siginfo: EXCEPTION_ACCESS_VIOLATION (0xc0000005), reading address 0x0000000000000000


Register to memory mapping:

RIP=0x00007ffb6fe47b30 glass.dll
RAX=0x0000000000000000 is an unknown value
RBX=0x00000177b8d0ddf8 is a global jni handle
RCX=0x00000177b7939000 is an unknown value
RDX=0x000000043d2ff000 is an unknown value
RSP=0x000000043d2ff000 is an unknown value
RBP=0x00000177b8a4af68 is an unknown value
RSI=0x00000177b8a4af40 is an unknown value
RDI=0x0000419b03ea4e67 is an unknown value
R8 =0x0000000000010002 is an unknown value
R9 =0x0000000000000027 is an unknown value
R10=0x0000419b03ea4e67 is an unknown value
R11=0x000000043d2fef10 is an unknown value
R12=0x0000000000000000 is an unknown value
R13=0x0000000000000040 is an unknown value
R14=0x000000043d2ff118 is an unknown value
R15=0x00000177b8a4af40 is an unknown value


Registers:
RAX=0x0000000000000000, RBX=0x00000177b8d0ddf8, RCX=0x00000177b7939000, RDX=0x000000043d2ff000
RSP=0x000000043d2ff000, RBP=0x00000177b8a4af68, RSI=0x00000177b8a4af40, RDI=0x0000419b03ea4e67
R8 =0x0000000000010002, R9 =0x0000000000000027, R10=0x0000419b03ea4e67, R11=0x000000043d2fef10
R12=0x0000000000000000, R13=0x0000000000000040, R14=0x000000043d2ff118, R15=0x00000177b8a4af40
RIP=0x00007ffb6fe47b30, EFLAGS=0x0000000000010202

Top of Stack: (sp=0x000000043d2ff000)
0x000000043d2ff000:   0000000000000000 00007ffba2c8d92b
0x000000043d2ff010:   00000177b8a4af50 00000177b8a4af50
0x000000043d2ff020:   fffffffffffffffe 00000177b8a4af68
0x000000043d2ff030:   00000177b8a4af48 00007ffba2c91243
0x000000043d2ff040:   00007ffb6fe5d1a0 00007ffb00000000
0x000000043d2ff050:   0000ad4d67a7cf81 00007ffb99270000
0x000000043d2ff060:   fffffffffffffffe 00007ffba2c90f0d
0x000000043d2ff070:   0000000000000001 00007ffb6fe20000
0x000000043d2ff080:   0000000000000082 00007ffb6fe44b7c
0x000000043d2ff090:   000000043d2ff108 00007ffba2c91017
0x000000043d2ff0a0:   0000000000000000 000000043d2ff118
0x000000043d2ff0b0:   00000177b78d2fa0 00007ffba2d6b080
0x000000043d2ff0c0:   0000000000000000 00007ffba2c90fd4
0x000000043d2ff0d0:   0000000000000000 0000000000000001
0x000000043d2ff0e0:   0000000000000001 000000043d2ff108
0x000000043d2ff0f0:   0000000000000001 00007ffb6fe449f2 

Instructions: (pc=0x00007ffb6fe47b30)
0x00007ffb6fe47b10:   40 53 48 83 ec 30 48 c7 44 24 20 fe ff ff ff 48
0x00007ffb6fe47b20:   8b 1d ea 7f 01 00 48 85 db 74 16 e8 20 81 ff ff
0x00007ffb6fe47b30:   4c 8b 00 48 8b d3 48 8b c8 41 ff 90 b0 00 00 00
0x00007ffb6fe47b40:   90 48 83 c4 30 5b c3 cc cc cc cc cc cc cc cc cc 


VM_Operation (0x000000043dbff280): Exit, mode: safepoint, requested by thread 0x00000177c0bb4800


---------------  P R O C E S S  ---------------

Threads class SMR info:
_java_thread_list=0x00000177b9f68190, length=21, elements={
0x00000177965ad800, 0x00000177b7944800, 0x00000177b7947800, 0x00000177b82c2800,
0x00000177b7962000, 0x00000177b7963000, 0x00000177b7965800, 0x00000177b797e800,
0x00000177b8322800, 0x00000177b8529000, 0x00000177b8698800, 0x00000177b8984800,
0x00000177b8a5a000, 0x00000177ba0ce000, 0x00000177b8c25800, 0x00000177ba5f6800,
0x00000177b8a9b000, 0x00000177b8cbe000, 0x00000177bfeeb800, 0x00000177c045c800,
0x00000177c0bb4800
}

Java Threads: ( => current thread )
  0x00000177965ad800 JavaThread "main" [_thread_blocked, id=11356, stack(0x000000043c600000,0x000000043c700000)]
  0x00000177b7944800 JavaThread "Reference Handler" daemon [_thread_blocked, id=10960, stack(0x000000043d300000,0x000000043d400000)]
  0x00000177b7947800 JavaThread "Finalizer" daemon [_thread_blocked, id=15924, stack(0x000000043d400000,0x000000043d500000)]
  0x00000177b82c2800 JavaThread "Signal Dispatcher" daemon [_thread_blocked, id=10132, stack(0x000000043d500000,0x000000043d600000)]
  0x00000177b7962000 JavaThread "Attach Listener" daemon [_thread_blocked, id=12068, stack(0x000000043d600000,0x000000043d700000)]
  0x00000177b7963000 JavaThread "C2 CompilerThread0" daemon [_thread_blocked, id=4528, stack(0x000000043d700000,0x000000043d800000)]
  0x00000177b7965800 JavaThread "C2 CompilerThread1" daemon [_thread_blocked, id=10512, stack(0x000000043d800000,0x000000043d900000)]
  0x00000177b797e800 JavaThread "C1 CompilerThread2" daemon [_thread_blocked, id=1904, stack(0x000000043d900000,0x000000043da00000)]
  0x00000177b8322800 JavaThread "Sweeper thread" daemon [_thread_blocked, id=10684, stack(0x000000043da00000,0x000000043db00000)]
  0x00000177b8529000 JavaThread "JDWP Event Helper Thread" daemon [_thread_blocked, id=18500, stack(0x000000043dc00000,0x000000043dd00000)]
  0x00000177b8698800 JavaThread "Common-Cleaner" daemon [_thread_blocked, id=20016, stack(0x000000043de00000,0x000000043df00000)]
  0x00000177b8984800 JavaThread "Service Thread" daemon [_thread_blocked, id=11628, stack(0x000000043df00000,0x000000043e000000)]
  0x00000177b8a5a000 JavaThread "QuantumRenderer-0" daemon [_thread_blocked, id=18248, stack(0x000000043e100000,0x000000043e200000)]
  0x00000177ba0ce000 JavaThread "InvokeLaterDispatcher" daemon [_thread_blocked, id=13572, stack(0x000000043e200000,0x000000043e300000)]
  0x00000177b8c25800 JavaThread "JavaFX Application Thread" [_thread_in_native, id=20280, stack(0x000000043e300000,0x000000043e400000)]
  0x00000177ba5f6800 JavaThread "JavaFX-Launcher" [_thread_blocked, id=12800, stack(0x000000043e800000,0x000000043e900000)]
  0x00000177b8a9b000 JavaThread "Thread-2" daemon [_thread_in_native, id=2820, stack(0x000000043e700000,0x000000043e800000)]
  0x00000177b8cbe000 JavaThread "Java2D Disposer" daemon [_thread_blocked, id=19820, stack(0x000000043e900000,0x000000043ea00000)]
  0x00000177bfeeb800 JavaThread "Prism Font Disposer" daemon [_thread_blocked, id=17496, stack(0x000000043ed00000,0x000000043ee00000)]
  0x00000177c045c800 JavaThread "Cleaner-0" daemon [_thread_blocked, id=9796, stack(0x000000043ee00000,0x000000043ef00000)]
  0x00000177c0bb4800 JavaThread "SIGINT handler" daemon [_thread_blocked, id=13136, stack(0x000000043db00000,0x000000043dc00000)]

Other Threads:
=>0x00000177b7939000 VMThread "VM Thread" [stack: 0x000000043d200000,0x000000043d300000] [id=18180]
  0x00000177965c6000 GCTaskThread "GC Thread#0" [stack: 0x000000043c700000,0x000000043c800000] [id=13500]
  0x00000177965c7800 GCTaskThread "GC Thread#1" [stack: 0x000000043c800000,0x000000043c900000] [id=18488]
  0x00000177965ca000 GCTaskThread "GC Thread#2" [stack: 0x000000043c900000,0x000000043ca00000] [id=16156]
  0x00000177965cc000 GCTaskThread "GC Thread#3" [stack: 0x000000043ca00000,0x000000043cb00000] [id=19004]
  0x0000017796641800 ConcurrentGCThread "G1 Main Marker" [stack: 0x000000043cb00000,0x000000043cc00000] [id=18148]
  0x0000017796642800 ConcurrentGCThread "G1 Conc#0" [stack: 0x000000043cc00000,0x000000043cd00000] [id=2416]
  0x00000177b77c3800 ConcurrentGCThread "G1 Refine#0" [stack: 0x000000043cd00000,0x000000043ce00000] [id=2924]
  0x00000177b77c4000 ConcurrentGCThread "G1 Refine#1" [stack: 0x000000043ce00000,0x000000043cf00000] [id=5804]
  0x00000177b77c5000 ConcurrentGCThread "G1 Refine#2" [stack: 0x000000043cf00000,0x000000043d000000] [id=4336]
  0x00000177b77c8000 ConcurrentGCThread "G1 Refine#3" [stack: 0x000000043d000000,0x000000043d100000] [id=20232]
  0x00000177b77d3000 ConcurrentGCThread "G1 Young RemSet Sampling" [stack: 0x000000043d100000,0x000000043d200000] [id=14252]

Threads with active compile tasks:

VM state:at safepoint (shutting down)

VM Mutex/Monitor currently owned by a thread:  ([mutex/lock_event])
[0x00000177965acc80] Threads_lock - owner thread: 0x00000177b7939000

Heap address: 0x0000000081e00000, size: 2018 MB, Compressed Oops mode: 32-bit
Narrow klass base: 0x0000000000000000, Narrow klass shift: 3
Compressed class space size: 1073741824 Address: 0x0000000100000000

Heap:
 garbage-first heap   total 131072K, used 57257K [0x0000000081e00000, 0x0000000100000000)
  region size 1024K, 25 young (25600K), 8 survivors (8192K)
 Metaspace       used 34769K, capacity 36200K, committed 36352K, reserved 1081344K
  class space    used 4174K, capacity 4778K, committed 4864K, reserved 1048576K
Heap Regions: E=young(eden), S=young(survivor), O=old, HS=humongous(starts), HC=humongous(continues), CS=collection set, F=free, A=archive, TS=gc time stamp, AC=allocation context, TAMS=top-at-mark-start (previous, next)
|   0|0x0000000081e00000, 0x0000000081f00000, 0x0000000081f00000|100%|HS|  |TS  0|AC  0|TAMS 0x0000000081f00000, 0x0000000081f00000|
|   1|0x0000000081f00000, 0x0000000082000000, 0x0000000082000000|100%|HS|  |TS  0|AC  0|TAMS 0x0000000082000000, 0x0000000082000000|
|   2|0x0000000082000000, 0x0000000082100000, 0x0000000082100000|100%| O|  |TS  0|AC  0|TAMS 0x0000000082100000, 0x0000000082100000|
|   3|0x0000000082100000, 0x0000000082200000, 0x0000000082200000|100%| O|  |TS  0|AC  0|TAMS 0x0000000082200000, 0x0000000082200000|
|   4|0x0000000082200000, 0x0000000082300000, 0x0000000082300000|100%| O|  |TS  0|AC  0|TAMS 0x0000000082300000, 0x0000000082300000|
|   5|0x0000000082300000, 0x0000000082400000, 0x0000000082400000|100%| O|  |TS  0|AC  0|TAMS 0x0000000082400000, 0x0000000082400000|
|   6|0x0000000082400000, 0x0000000082500000, 0x0000000082500000|100%| O|  |TS  0|AC  0|TAMS 0x0000000082500000, 0x0000000082500000|
|   7|0x0000000082500000, 0x0000000082600000, 0x0000000082600000|100%|HS|  |TS  0|AC  0|TAMS 0x0000000082600000, 0x0000000082600000|
|   8|0x0000000082600000, 0x0000000082700000, 0x0000000082700000|100%|HC|  |TS  0|AC  0|TAMS 0x0000000082700000, 0x0000000082700000|
|   9|0x0000000082700000, 0x0000000082800000, 0x0000000082800000|100%| O|  |TS  0|AC  0|TAMS 0x0000000082800000, 0x0000000082800000|
|  10|0x0000000082800000, 0x0000000082900000, 0x0000000082900000|100%| O|  |TS  0|AC  0|TAMS 0x0000000082900000, 0x0000000082900000|
|  11|0x0000000082900000, 0x0000000082a00000, 0x0000000082a00000|100%| O|  |TS  0|AC  0|TAMS 0x0000000082a00000, 0x0000000082a00000|
|  12|0x0000000082a00000, 0x0000000082b00000, 0x0000000082b00000|100%| O|  |TS  0|AC  0|TAMS 0x0000000082b00000, 0x0000000082b00000|
|  13|0x0000000082b00000, 0x0000000082c00000, 0x0000000082c00000|100%| O|  |TS  0|AC  0|TAMS 0x0000000082c00000, 0x0000000082c00000|
|  14|0x0000000082c00000, 0x0000000082d00000, 0x0000000082d00000|100%| O|  |TS  0|AC  0|TAMS 0x0000000082d00000, 0x0000000082d00000|
|  15|0x0000000082d00000, 0x0000000082e00000, 0x0000000082e00000|100%| O|  |TS  0|AC  0|TAMS 0x0000000082e00000, 0x0000000082e00000|
|  16|0x0000000082e00000, 0x0000000082f00000, 0x0000000082f00000|100%| O|  |TS  0|AC  0|TAMS 0x0000000082f00000, 0x0000000082f00000|
|  17|0x0000000082f00000, 0x0000000083000000, 0x0000000083000000|100%| O|  |TS  0|AC  0|TAMS 0x0000000083000000, 0x0000000083000000|
|  18|0x0000000083000000, 0x0000000083100000, 0x0000000083100000|100%| O|  |TS  0|AC  0|TAMS 0x0000000083100000, 0x0000000083100000|
|  19|0x0000000083100000, 0x0000000083200000, 0x0000000083200000|100%| O|  |TS  0|AC  0|TAMS 0x0000000083200000, 0x0000000083200000|
|  20|0x0000000083200000, 0x00000000832c0000, 0x0000000083300000| 75%| O|  |TS  5|AC  0|TAMS 0x0000000083200000, 0x0000000083200000|
|  21|0x0000000083300000, 0x0000000083400000, 0x0000000083400000|100%| O|  |TS  0|AC  0|TAMS 0x0000000083400000, 0x0000000083400000|
|  22|0x0000000083400000, 0x0000000083500000, 0x0000000083500000|100%| O|  |TS  0|AC  0|TAMS 0x0000000083500000, 0x0000000083500000|
|  23|0x0000000083500000, 0x0000000083600000, 0x0000000083600000|100%| O|  |TS  0|AC  0|TAMS 0x0000000083600000, 0x0000000083600000|
|  24|0x0000000083600000, 0x0000000083700000, 0x0000000083700000|100%| O|  |TS  0|AC  0|TAMS 0x0000000083700000, 0x0000000083700000|
|  25|0x0000000083700000, 0x0000000083800000, 0x0000000083800000|100%| O|  |TS  0|AC  0|TAMS 0x0000000083800000, 0x0000000083800000|
|  26|0x0000000083800000, 0x0000000083900000, 0x0000000083900000|100%| O|  |TS  0|AC  0|TAMS 0x0000000083900000, 0x0000000083900000|
|  27|0x0000000083900000, 0x0000000083a00000, 0x0000000083a00000|100%| O|  |TS  0|AC  0|TAMS 0x0000000083a00000, 0x0000000083a00000|
|  28|0x0000000083a00000, 0x0000000083b00000, 0x0000000083b00000|100%| O|  |TS  0|AC  0|TAMS 0x0000000083b00000, 0x0000000083b00000|
|  29|0x0000000083b00000, 0x0000000083c00000, 0x0000000083c00000|100%| O|  |TS  0|AC  0|TAMS 0x0000000083c00000, 0x0000000083c00000|
|  30|0x0000000083c00000, 0x0000000083d00000, 0x0000000083d00000|100%| O|  |TS  0|AC  0|TAMS 0x0000000083d00000, 0x0000000083d00000|
|  31|0x0000000083d00000, 0x0000000083e00000, 0x0000000083e00000|100%| O|  |TS  0|AC  0|TAMS 0x0000000083e00000, 0x0000000083e00000|
|  32|0x0000000083e00000, 0x0000000083f00000, 0x0000000083f00000|100%| O|  |TS  1|AC  0|TAMS 0x0000000083e57000, 0x0000000083e57000|
|  33|0x0000000083f00000, 0x0000000083f00000, 0x0000000084000000|  0%| F|  |TS  0|AC  0|TAMS 0x0000000083f00000, 0x0000000083f00000|
|  34|0x0000000084000000, 0x0000000084000000, 0x0000000084100000|  0%| F|  |TS  0|AC  0|TAMS 0x0000000084000000, 0x0000000084000000|
|  35|0x0000000084100000, 0x0000000084100000, 0x0000000084200000|  0%| F|  |TS  0|AC  0|TAMS 0x0000000084100000, 0x0000000084100000|
|  36|0x0000000084200000, 0x0000000084200000, 0x0000000084300000|  0%| F|  |TS  0|AC  0|TAMS 0x0000000084200000, 0x0000000084200000|
|  37|0x0000000084300000, 0x0000000084300000, 0x0000000084400000|  0%| F|  |TS  0|AC  0|TAMS 0x0000000084300000, 0x0000000084300000|
|  38|0x0000000084400000, 0x0000000084400000, 0x0000000084500000|  0%| F|  |TS  0|AC  0|TAMS 0x0000000084400000, 0x0000000084400000|
|  39|0x0000000084500000, 0x0000000084500000, 0x0000000084600000|  0%| F|  |TS  0|AC  0|TAMS 0x0000000084500000, 0x0000000084500000|
|  40|0x0000000084600000, 0x0000000084600000, 0x0000000084700000|  0%| F|  |TS  0|AC  0|TAMS 0x0000000084600000, 0x0000000084600000|
|  41|0x0000000084700000, 0x0000000084700000, 0x0000000084800000|  0%| F|  |TS  0|AC  0|TAMS 0x0000000084700000, 0x0000000084700000|
|  42|0x0000000084800000, 0x0000000084800000, 0x0000000084900000|  0%| F|  |TS  0|AC  0|TAMS 0x0000000084800000, 0x0000000084800000|
|  43|0x0000000084900000, 0x0000000084900000, 0x0000000084a00000|  0%| F|  |TS  0|AC  0|TAMS 0x0000000084900000, 0x0000000084900000|
|  44|0x0000000084a00000, 0x0000000084a00000, 0x0000000084b00000|  0%| F|  |TS  0|AC  0|TAMS 0x0000000084a00000, 0x0000000084a00000|
|  45|0x0000000084b00000, 0x0000000084b00000, 0x0000000084c00000|  0%| F|  |TS  0|AC  0|TAMS 0x0000000084b00000, 0x0000000084b00000|
|  46|0x0000000084c00000, 0x0000000084c00000, 0x0000000084d00000|  0%| F|  |TS  0|AC  0|TAMS 0x0000000084c00000, 0x0000000084c00000|
|  47|0x0000000084d00000, 0x0000000084d00000, 0x0000000084e00000|  0%| F|  |TS  0|AC  0|TAMS 0x0000000084d00000, 0x0000000084d00000|
|  48|0x0000000084e00000, 0x0000000084e00000, 0x0000000084f00000|  0%| F|  |TS  0|AC  0|TAMS 0x0000000084e00000, 0x0000000084e00000|
|  49|0x0000000084f00000, 0x0000000084f2a460, 0x0000000085000000| 16%| S|CS|TS  5|AC  0|TAMS 0x0000000084f00000, 0x0000000084f00000|
|  50|0x0000000085000000, 0x0000000085100000, 0x0000000085100000|100%| S|CS|TS  5|AC  0|TAMS 0x0000000085000000, 0x0000000085000000|
|  51|0x0000000085100000, 0x0000000085200000, 0x0000000085200000|100%| S|CS|TS  5|AC  0|TAMS 0x0000000085100000, 0x0000000085100000|
|  52|0x0000000085200000, 0x0000000085300000, 0x0000000085300000|100%| S|CS|TS  5|AC  0|TAMS 0x0000000085200000, 0x0000000085200000|
|  53|0x0000000085300000, 0x0000000085300000, 0x0000000085400000|  0%| F|  |TS  5|AC  0|TAMS 0x0000000085300000, 0x0000000085300000|
|  54|0x0000000085400000, 0x0000000085400000, 0x0000000085500000|  0%| F|  |TS  5|AC  0|TAMS 0x0000000085400000, 0x0000000085400000|
|  55|0x0000000085500000, 0x0000000085600000, 0x0000000085600000|100%| S|CS|TS  5|AC  0|TAMS 0x0000000085500000, 0x0000000085500000|
|  56|0x0000000085600000, 0x0000000085700000, 0x0000000085700000|100%| S|CS|TS  5|AC  0|TAMS 0x0000000085600000, 0x0000000085600000|
|  57|0x0000000085700000, 0x0000000085800000, 0x0000000085800000|100%| S|CS|TS  5|AC  0|TAMS 0x0000000085700000, 0x0000000085700000|
|  58|0x0000000085800000, 0x0000000085800000, 0x0000000085900000|  0%| F|  |TS  5|AC  0|TAMS 0x0000000085800000, 0x0000000085800000|
|  59|0x0000000085900000, 0x0000000085900000, 0x0000000085a00000|  0%| F|  |TS  5|AC  0|TAMS 0x0000000085900000, 0x0000000085900000|
|  60|0x0000000085a00000, 0x0000000085b00000, 0x0000000085b00000|100%| S|CS|TS  5|AC  0|TAMS 0x0000000085a00000, 0x0000000085a00000|
|  61|0x0000000085b00000, 0x0000000085b00000, 0x0000000085c00000|  0%| F|  |TS  5|AC  0|TAMS 0x0000000085b00000, 0x0000000085b00000|
|  62|0x0000000085c00000, 0x0000000085c00000, 0x0000000085d00000|  0%| F|  |TS  5|AC  0|TAMS 0x0000000085c00000, 0x0000000085c00000|
|  63|0x0000000085d00000, 0x0000000085d00000, 0x0000000085e00000|  0%| F|  |TS  5|AC  0|TAMS 0x0000000085d00000, 0x0000000085d00000|
|  64|0x0000000085e00000, 0x0000000085e00000, 0x0000000085f00000|  0%| F|  |TS  5|AC  0|TAMS 0x0000000085e00000, 0x0000000085e00000|
|  65|0x0000000085f00000, 0x0000000085f00000, 0x0000000086000000|  0%| F|  |TS  5|AC  0|TAMS 0x0000000085f00000, 0x0000000085f00000|
|  66|0x0000000086000000, 0x0000000086000000, 0x0000000086100000|  0%| F|  |TS  5|AC  0|TAMS 0x0000000086000000, 0x0000000086000000|
|  67|0x0000000086100000, 0x0000000086100000, 0x0000000086200000|  0%| F|  |TS  5|AC  0|TAMS 0x0000000086100000, 0x0000000086100000|
|  68|0x0000000086200000, 0x0000000086200000, 0x0000000086300000|  0%| F|  |TS  5|AC  0|TAMS 0x0000000086200000, 0x0000000086200000|
|  69|0x0000000086300000, 0x0000000086300000, 0x0000000086400000|  0%| F|  |TS  5|AC  0|TAMS 0x0000000086300000, 0x0000000086300000|
|  70|0x0000000086400000, 0x0000000086400000, 0x0000000086500000|  0%| F|  |TS  5|AC  0|TAMS 0x0000000086400000, 0x0000000086400000|
|  71|0x0000000086500000, 0x0000000086500000, 0x0000000086600000|  0%| F|  |TS  5|AC  0|TAMS 0x0000000086500000, 0x0000000086500000|
|  72|0x0000000086600000, 0x0000000086600000, 0x0000000086700000|  0%| F|  |TS  5|AC  0|TAMS 0x0000000086600000, 0x0000000086600000|
|  73|0x0000000086700000, 0x0000000086700000, 0x0000000086800000|  0%| F|  |TS  5|AC  0|TAMS 0x0000000086700000, 0x0000000086700000|
|  74|0x0000000086800000, 0x0000000086800000, 0x0000000086900000|  0%| F|  |TS  5|AC  0|TAMS 0x0000000086800000, 0x0000000086800000|
|  75|0x0000000086900000, 0x0000000086900000, 0x0000000086a00000|  0%| F|  |TS  5|AC  0|TAMS 0x0000000086900000, 0x0000000086900000|
|  76|0x0000000086a00000, 0x0000000086a00000, 0x0000000086b00000|  0%| F|  |TS  5|AC  0|TAMS 0x0000000086a00000, 0x0000000086a00000|
|  77|0x0000000086b00000, 0x0000000086b00000, 0x0000000086c00000|  0%| F|  |TS  5|AC  0|TAMS 0x0000000086b00000, 0x0000000086b00000|
|  78|0x0000000086c00000, 0x0000000086c00000, 0x0000000086d00000|  0%| F|  |TS  5|AC  0|TAMS 0x0000000086c00000, 0x0000000086c00000|
|  79|0x0000000086d00000, 0x0000000086d00000, 0x0000000086e00000|  0%| F|  |TS  5|AC  0|TAMS 0x0000000086d00000, 0x0000000086d00000|
|  80|0x0000000086e00000, 0x0000000086e00000, 0x0000000086f00000|  0%| F|  |TS  5|AC  0|TAMS 0x0000000086e00000, 0x0000000086e00000|
|  81|0x0000000086f00000, 0x0000000086f00000, 0x0000000087000000|  0%| F|  |TS  5|AC  0|TAMS 0x0000000086f00000, 0x0000000086f00000|
|  82|0x0000000087000000, 0x0000000087000000, 0x0000000087100000|  0%| F|  |TS  5|AC  0|TAMS 0x0000000087000000, 0x0000000087000000|
|  83|0x0000000087100000, 0x0000000087100000, 0x0000000087200000|  0%| F|  |TS  5|AC  0|TAMS 0x0000000087100000, 0x0000000087100000|
|  84|0x0000000087200000, 0x0000000087200000, 0x0000000087300000|  0%| F|  |TS  5|AC  0|TAMS 0x0000000087200000, 0x0000000087200000|
|  85|0x0000000087300000, 0x0000000087300000, 0x0000000087400000|  0%| F|  |TS  5|AC  0|TAMS 0x0000000087300000, 0x0000000087300000|
|  86|0x0000000087400000, 0x0000000087400000, 0x0000000087500000|  0%| F|  |TS  5|AC  0|TAMS 0x0000000087400000, 0x0000000087400000|
|  87|0x0000000087500000, 0x0000000087500000, 0x0000000087600000|  0%| F|  |TS  5|AC  0|TAMS 0x0000000087500000, 0x0000000087500000|
|  88|0x0000000087600000, 0x0000000087600000, 0x0000000087700000|  0%| F|  |TS  5|AC  0|TAMS 0x0000000087600000, 0x0000000087600000|
|  89|0x0000000087700000, 0x0000000087700000, 0x0000000087800000|  0%| F|  |TS  5|AC  0|TAMS 0x0000000087700000, 0x0000000087700000|
|  90|0x0000000087800000, 0x0000000087800000, 0x0000000087900000|  0%| F|  |TS  5|AC  0|TAMS 0x0000000087800000, 0x0000000087800000|
|  91|0x0000000087900000, 0x0000000087900000, 0x0000000087a00000|  0%| F|  |TS  5|AC  0|TAMS 0x0000000087900000, 0x0000000087900000|
|  92|0x0000000087a00000, 0x0000000087a00000, 0x0000000087b00000|  0%| F|  |TS  5|AC  0|TAMS 0x0000000087a00000, 0x0000000087a00000|
|  93|0x0000000087b00000, 0x0000000087b00000, 0x0000000087c00000|  0%| F|  |TS  5|AC  0|TAMS 0x0000000087b00000, 0x0000000087b00000|
|  94|0x0000000087c00000, 0x0000000087c00000, 0x0000000087d00000|  0%| F|  |TS  5|AC  0|TAMS 0x0000000087c00000, 0x0000000087c00000|
|  95|0x0000000087d00000, 0x0000000087d00000, 0x0000000087e00000|  0%| F|  |TS  5|AC  0|TAMS 0x0000000087d00000, 0x0000000087d00000|
|  96|0x0000000087e00000, 0x0000000087e00000, 0x0000000087f00000|  0%| F|  |TS  5|AC  0|TAMS 0x0000000087e00000, 0x0000000087e00000|
|  97|0x0000000087f00000, 0x0000000087f00000, 0x0000000088000000|  0%| F|  |TS  5|AC  0|TAMS 0x0000000087f00000, 0x0000000087f00000|
|  98|0x0000000088000000, 0x0000000088000000, 0x0000000088100000|  0%| F|  |TS  5|AC  0|TAMS 0x0000000088000000, 0x0000000088000000|
|  99|0x0000000088100000, 0x0000000088100000, 0x0000000088200000|  0%| F|  |TS  5|AC  0|TAMS 0x0000000088100000, 0x0000000088100000|
| 100|0x0000000088200000, 0x0000000088200000, 0x0000000088300000|  0%| F|  |TS  5|AC  0|TAMS 0x0000000088200000, 0x0000000088200000|
| 101|0x0000000088300000, 0x0000000088300000, 0x0000000088400000|  0%| F|  |TS  5|AC  0|TAMS 0x0000000088300000, 0x0000000088300000|
| 102|0x0000000088400000, 0x0000000088400000, 0x0000000088500000|  0%| F|  |TS  5|AC  0|TAMS 0x0000000088400000, 0x0000000088400000|
| 103|0x0000000088500000, 0x0000000088500000, 0x0000000088600000|  0%| F|  |TS  5|AC  0|TAMS 0x0000000088500000, 0x0000000088500000|
| 104|0x0000000088600000, 0x0000000088600000, 0x0000000088700000|  0%| F|  |TS  5|AC  0|TAMS 0x0000000088600000, 0x0000000088600000|
| 105|0x0000000088700000, 0x0000000088700000, 0x0000000088800000|  0%| F|  |TS  5|AC  0|TAMS 0x0000000088700000, 0x0000000088700000|
| 106|0x0000000088800000, 0x0000000088800000, 0x0000000088900000|  0%| F|  |TS  5|AC  0|TAMS 0x0000000088800000, 0x0000000088800000|
| 107|0x0000000088900000, 0x0000000088900000, 0x0000000088a00000|  0%| F|  |TS  5|AC  0|TAMS 0x0000000088900000, 0x0000000088900000|
| 108|0x0000000088a00000, 0x0000000088a00000, 0x0000000088b00000|  0%| F|  |TS  5|AC  0|TAMS 0x0000000088a00000, 0x0000000088a00000|
| 109|0x0000000088b00000, 0x0000000088b00000, 0x0000000088c00000|  0%| F|  |TS  5|AC  0|TAMS 0x0000000088b00000, 0x0000000088b00000|
| 110|0x0000000088c00000, 0x0000000088c00000, 0x0000000088d00000|  0%| F|  |TS  5|AC  0|TAMS 0x0000000088c00000, 0x0000000088c00000|
| 111|0x0000000088d00000, 0x0000000088d80358, 0x0000000088e00000| 50%| E|  |TS  5|AC  0|TAMS 0x0000000088d00000, 0x0000000088d00000|
| 112|0x0000000088e00000, 0x0000000088f00000, 0x0000000088f00000|100%| E|CS|TS  5|AC  0|TAMS 0x0000000088e00000, 0x0000000088e00000|
| 113|0x0000000088f00000, 0x0000000089000000, 0x0000000089000000|100%| E|CS|TS  5|AC  0|TAMS 0x0000000088f00000, 0x0000000088f00000|
| 114|0x0000000089000000, 0x0000000089100000, 0x0000000089100000|100%| E|CS|TS  5|AC  0|TAMS 0x0000000089000000, 0x0000000089000000|
| 115|0x0000000089100000, 0x0000000089200000, 0x0000000089200000|100%| E|CS|TS  5|AC  0|TAMS 0x0000000089100000, 0x0000000089100000|
| 116|0x0000000089200000, 0x0000000089300000, 0x0000000089300000|100%| E|CS|TS  5|AC  0|TAMS 0x0000000089200000, 0x0000000089200000|
| 117|0x0000000089300000, 0x0000000089400000, 0x0000000089400000|100%| E|CS|TS  5|AC  0|TAMS 0x0000000089300000, 0x0000000089300000|
| 118|0x0000000089400000, 0x0000000089500000, 0x0000000089500000|100%| E|CS|TS  5|AC  0|TAMS 0x0000000089400000, 0x0000000089400000|
| 119|0x0000000089500000, 0x0000000089600000, 0x0000000089600000|100%| E|CS|TS  5|AC  0|TAMS 0x0000000089500000, 0x0000000089500000|
| 120|0x0000000089600000, 0x0000000089700000, 0x0000000089700000|100%| E|CS|TS  5|AC  0|TAMS 0x0000000089600000, 0x0000000089600000|
| 121|0x0000000089700000, 0x0000000089800000, 0x0000000089800000|100%| E|CS|TS  5|AC  0|TAMS 0x0000000089700000, 0x0000000089700000|
| 122|0x0000000089800000, 0x0000000089900000, 0x0000000089900000|100%| E|CS|TS  5|AC  0|TAMS 0x0000000089800000, 0x0000000089800000|
| 123|0x0000000089900000, 0x0000000089a00000, 0x0000000089a00000|100%| E|CS|TS  5|AC  0|TAMS 0x0000000089900000, 0x0000000089900000|
| 124|0x0000000089a00000, 0x0000000089b00000, 0x0000000089b00000|100%| E|CS|TS  5|AC  0|TAMS 0x0000000089a00000, 0x0000000089a00000|
| 125|0x0000000089b00000, 0x0000000089c00000, 0x0000000089c00000|100%| E|CS|TS  5|AC  0|TAMS 0x0000000089b00000, 0x0000000089b00000|
| 126|0x0000000089c00000, 0x0000000089d00000, 0x0000000089d00000|100%| E|CS|TS  5|AC  0|TAMS 0x0000000089c00000, 0x0000000089c00000|
| 127|0x0000000089d00000, 0x0000000089e00000, 0x0000000089e00000|100%| E|CS|TS  5|AC  0|TAMS 0x0000000089d00000, 0x0000000089d00000|

Card table byte_map: [0x00000177b0d30000,0x00000177b1130000] byte_map_base: 0x00000177b0921000

Marking Bits (Prev, Next): (CMBitMap*) 0x00000177945de7f0, (CMBitMap*) 0x00000177945de828
 Prev Bits: [0x00000177b1530000, 0x00000177b34b8000)
 Next Bits: [0x00000177b34c0000, 0x00000177b5448000)

Polling page: 0x0000017794450000

CodeHeap 'non-profiled nmethods': size=120064Kb used=8956Kb max_used=9618Kb free=111107Kb
 bounds [0x00000177a93f0000, 0x00000177a9d70000, 0x00000177b0930000]
CodeHeap 'profiled nmethods': size=120000Kb used=15505Kb max_used=20271Kb free=104495Kb
 bounds [0x00000177a1ec0000, 0x00000177a3290000, 0x00000177a93f0000]
CodeHeap 'non-nmethods': size=5696Kb used=1445Kb max_used=1540Kb free=4250Kb
 bounds [0x00000177a1930000, 0x00000177a1ba0000, 0x00000177a1ec0000]
 total_blobs=14153 nmethods=7934 adapters=717
 compilation: enabled

Compilation events (10 events):
Event: 1475.580 Thread 0x00000177b797e800 9856       3       javafx.stage.Window::<init> (264 bytes)
Event: 1475.583 Thread 0x00000177b797e800 nmethod 9856 0x00000177a2476b90 code [0x00000177a2477260, 0x00000177a247ad50]
Event: 1475.583 Thread 0x00000177b797e800 9857       3       javafx.stage.Window$TKBoundsConfigurator::<init> (14 bytes)
Event: 1475.583 Thread 0x00000177b797e800 nmethod 9857 0x00000177a2183890 code [0x00000177a2183a60, 0x00000177a2183cd0]
Event: 1475.583 Thread 0x00000177b797e800 9858       3       javafx.stage.Window$2::<init> (14 bytes)
Event: 1475.584 Thread 0x00000177b797e800 nmethod 9858 0x00000177a2243110 code [0x00000177a2243300, 0x00000177a22438b8]
Event: 1476.956 Thread 0x00000177b797e800 9859       3       javafx.scene.Node::fireEvent (90 bytes)
Event: 1476.957 Thread 0x00000177b797e800 nmethod 9859 0x00000177a2256990 code [0x00000177a2256c80, 0x00000177a2257bf0]
Event: 2547.717 Thread 0x00000177b7963000 9861       4       java.util.concurrent.locks.ReentrantLock::lock (9 bytes)
Event: 2547.722 Thread 0x00000177b7963000 nmethod 9861 0x00000177a970c490 code [0x00000177a970c640, 0x00000177a970c8e8]

GC Heap History (10 events):
Event: 385.414 GC heap before
{Heap before GC invocations=18 (full 0):
 garbage-first heap   total 131072K, used 101097K [0x0000000081e00000, 0x0000000100000000)
  region size 1024K, 68 young (69632K), 7 survivors (7168K)
 Metaspace       used 34422K, capacity 35890K, committed 36096K, reserved 1081344K
  class space    used 4169K, capacity 4775K, committed 4864K, reserved 1048576K
}
Event: 385.427 GC heap after
{Heap after GC invocations=19 (full 0):
 garbage-first heap   total 131072K, used 38213K [0x0000000081e00000, 0x0000000100000000)
  region size 1024K, 5 young (5120K), 5 survivors (5120K)
 Metaspace       used 34422K, capacity 35890K, committed 36096K, reserved 1081344K
  class space    used 4169K, capacity 4775K, committed 4864K, reserved 1048576K
}
Event: 425.980 GC heap before
{Heap before GC invocations=19 (full 0):
 garbage-first heap   total 131072K, used 102725K [0x0000000081e00000, 0x0000000100000000)
  region size 1024K, 68 young (69632K), 5 survivors (5120K)
 Metaspace       used 34520K, capacity 36029K, committed 36352K, reserved 1081344K
  class space    used 4170K, capacity 4776K, committed 4864K, reserved 1048576K
}
Event: 425.987 GC heap after
{Heap after GC invocations=20 (full 0):
 garbage-first heap   total 131072K, used 36080K [0x0000000081e00000, 0x0000000100000000)
  region size 1024K, 3 young (3072K), 3 survivors (3072K)
 Metaspace       used 34520K, capacity 36029K, committed 36352K, reserved 1081344K
  class space    used 4170K, capacity 4776K, committed 4864K, reserved 1048576K
}
Event: 451.363 GC heap before
{Heap before GC invocations=20 (full 0):
 garbage-first heap   total 131072K, used 104688K [0x0000000081e00000, 0x0000000100000000)
  region size 1024K, 70 young (71680K), 3 survivors (3072K)
 Metaspace       used 34588K, capacity 36095K, committed 36352K, reserved 1081344K
  class space    used 4170K, capacity 4776K, committed 4864K, reserved 1048576K
}
Event: 451.370 GC heap after
{Heap after GC invocations=21 (full 0):
 garbage-first heap   total 131072K, used 36014K [0x0000000081e00000, 0x0000000100000000)
  region size 1024K, 3 young (3072K), 3 survivors (3072K)
 Metaspace       used 34588K, capacity 36095K, committed 36352K, reserved 1081344K
  class space    used 4170K, capacity 4776K, committed 4864K, reserved 1048576K
}
Event: 1437.900 GC heap before
{Heap before GC invocations=21 (full 0):
 garbage-first heap   total 131072K, used 105646K [0x0000000081e00000, 0x0000000100000000)
  region size 1024K, 71 young (72704K), 3 survivors (3072K)
 Metaspace       used 34676K, capacity 36115K, committed 36352K, reserved 1081344K
  class space    used 4171K, capacity 4776K, committed 4864K, reserved 1048576K
}
Event: 1437.914 GC heap after
{Heap after GC invocations=22 (full 0):
 garbage-first heap   total 131072K, used 37442K [0x0000000081e00000, 0x0000000100000000)
  region size 1024K, 4 young (4096K), 4 survivors (4096K)
 Metaspace       used 34676K, capacity 36115K, committed 36352K, reserved 1081344K
  class space    used 4171K, capacity 4776K, committed 4864K, reserved 1048576K
}
Event: 1469.137 GC heap before
{Heap before GC invocations=22 (full 0):
 garbage-first heap   total 131072K, used 106050K [0x0000000081e00000, 0x0000000100000000)
  region size 1024K, 71 young (72704K), 4 survivors (4096K)
 Metaspace       used 34742K, capacity 36194K, committed 36352K, reserved 1081344K
  class space    used 4171K, capacity 4776K, committed 4864K, reserved 1048576K
}
Event: 1469.152 GC heap after
{Heap after GC invocations=23 (full 0):
 garbage-first heap   total 131072K, used 40873K [0x0000000081e00000, 0x0000000100000000)
  region size 1024K, 8 young (8192K), 8 survivors (8192K)
 Metaspace       used 34742K, capacity 36194K, committed 36352K, reserved 1081344K
  class space    used 4171K, capacity 4776K, committed 4864K, reserved 1048576K
}

Deoptimization events (10 events):
Event: 454.469 Thread 0x00000177b8c25800 Uncommon trap: reason=null_check action=make_not_entrant pc=0x00000177a9aad7b4 method=com.sun.glass.ui.View.notifyMouse(IIIIIIIZZ)V @ 55 c2
Event: 465.761 Thread 0x00000177b8a5a000 Uncommon trap: reason=unstable_if action=reinterpret pc=0x00000177a9706140 method=com.sun.javafx.sg.prism.NGNode.hasOpaqueRegion()Z @ 27 c2
Event: 736.241 Thread 0x00000177b8c25800 Uncommon trap: reason=unstable_if action=reinterpret pc=0x00000177a962a560 method=java.lang.String.valueOf(Ljava/lang/Object;)Ljava/lang/String; @ 1 c2
Event: 1434.514 Thread 0x00000177b8a5a000 Uncommon trap: reason=unstable_if action=reinterpret pc=0x00000177a9c92078 method=com.sun.javafx.geom.DirtyRegionPool.checkOut()Lcom/sun/javafx/geom/DirtyRegionContainer; @ 38 c2
Event: 2547.703 Thread 0x00000177b82c2800 Uncommon trap: reason=unstable_if action=reinterpret pc=0x00000177a95f9ad8 method=java.security.AccessControlContext.optimize()Ljava/security/AccessControlContext; @ 11 c2
Event: 2547.714 Thread 0x00000177b8a9b000 Uncommon trap: reason=unstable_if action=reinterpret pc=0x00000177a9800ae4 method=com.sun.javafx.tk.quantum.QuantumToolkit.postPulse()V @ 7 c2
Event: 2547.714 Thread 0x00000177b8a9b000 Uncommon trap: reason=unstable_if action=reinterpret pc=0x00000177a9805d60 method=com.sun.javafx.tk.quantum.QuantumToolkit.postPulse()V @ 7 c2
Event: 2547.717 Thread 0x00000177c0bb3000 Uncommon trap: reason=unstable_if action=reinterpret pc=0x00000177a98451e8 method=java.util.concurrent.locks.ReentrantLock$Sync.tryRelease(I)Z @ 28 c2
Event: 2547.717 Thread 0x00000177b8a5a000 Uncommon trap: reason=unstable_if action=reinterpret pc=0x00000177a9b05618 method=java.util.concurrent.locks.AbstractQueuedSynchronizer$ConditionObject.checkInterruptWhileWaiting(Ljava/util/concurrent/locks/AbstractQueuedSynchronizer$Node;)I @ 3 c2
Event: 2547.717 Thread 0x00000177b8a5a000 Uncommon trap: reason=class_check action=maybe_recompile pc=0x00000177a9af215c method=java.lang.Throwable.<init>()V @ 24 c2

Classes redefined (0 events):
No events

Internal exceptions (10 events):
Event: 290.446 Thread 0x00000177b8c25800 Exception <a 'java/lang/NoSuchMethodError'{0x0000000088064228}: java.lang.invoke.DirectMethodHandle$Holder.invokeStatic(Ljava/lang/Object;Ljava/lang/Object;Ljava/lang/Object;DDDDIIIIIIIII)Ljava/lang/Object;> (0x0000000088064228) thrown at [t:/workspace/op
Event: 290.447 Thread 0x00000177b8c25800 Exception <a 'java/lang/NoSuchMethodError'{0x00000000880684c8}: method resolution failed> (0x00000000880684c8) thrown at [t:/workspace/open/src/hotspot/share/prims/methodHandles.cpp, line 1226]
Event: 292.173 Thread 0x00000177b8c25800 Implicit null exception at 0x00000177a9ab1953 to 0x00000177a9ab196a
Event: 292.368 Thread 0x00000177b8a5a000 Implicit null exception at 0x00000177a97cee8a to 0x00000177a97d0a7a
Event: 294.032 Thread 0x00000177b8c25800 Exception <a 'java/lang/NoSuchMethodError'{0x0000000087dadd28}: java.lang.invoke.DirectMethodHandle$Holder.invokeVirtual(Ljava/lang/Object;Ljava/lang/Object;)I> (0x0000000087dadd28) thrown at [t:/workspace/open/src/hotspot/share/interpreter/linkResolver.c
Event: 294.043 Thread 0x00000177b8c25800 Exception <a 'java/lang/NoSuchMethodError'{0x0000000087db67c8}: java.lang.invoke.DirectMethodHandle$Holder.invokeVirtual(Ljava/lang/Object;Ljava/lang/Object;I)V> (0x0000000087db67c8) thrown at [t:/workspace/open/src/hotspot/share/interpreter/linkResolver.
Event: 314.581 Thread 0x00000177b8c25800 Implicit null exception at 0x00000177a99576d9 to 0x00000177a9957956
Event: 382.811 Thread 0x00000177b8c25800 Implicit null exception at 0x00000177a948036e to 0x00000177a9480f9a
Event: 454.469 Thread 0x00000177b8c25800 Implicit null exception at 0x00000177a9aabd81 to 0x00000177a9aad7aa
Event: 2547.719 Thread 0x00000177c0bb3000 Exception <a 'java/lang/IllegalStateException'{0x0000000088d467e8}> (0x0000000088d467e8) thrown at [t:/workspace/open/src/hotspot/share/prims/jvm.cpp, line 1349]

Events (10 events):
Event: 2547.722 Thread 0x00000177b8a5a000 DEOPT PACKING pc=0x00000177a2d63774 sp=0x000000043e1fef30
Event: 2547.722 Thread 0x00000177b8a5a000 DEOPT UNPACKING pc=0x00000177a196cd4e sp=0x000000043e1fe468 mode 1
Event: 2547.722 Thread 0x00000177b8a5a000 DEOPT PACKING pc=0x00000177a2d66224 sp=0x000000043e1ff030
Event: 2547.722 Thread 0x00000177b8a5a000 DEOPT UNPACKING pc=0x00000177a196cd4e sp=0x000000043e1fe530 mode 1
Event: 2547.723 Thread 0x00000177b8322800 flushing nmethod 0x00000177a9480010
Event: 2547.723 Thread 0x00000177b8322800 flushing nmethod 0x00000177a9482d90
Event: 2547.724 Thread 0x00000177b8322800 flushing nmethod 0x00000177a9560090
Event: 2547.724 Thread 0x00000177b8322800 flushing nmethod 0x00000177a962a390
Event: 2547.725 Thread 0x00000177b8322800 flushing nmethod 0x00000177a9704710
Event: 2547.726 Executing VM operation: Exit


Dynamic libraries:
0x00007ff6f6760000 - 0x00007ff6f679e000 	C:\Java\jdk-10\bin\java.exe
0x00007ffba68b0000 - 0x00007ffba6a91000 	C:\windows\SYSTEM32\ntdll.dll
0x00007ffba6460000 - 0x00007ffba6512000 	C:\windows\System32\KERNEL32.DLL
0x00007ffba2dd0000 - 0x00007ffba3043000 	C:\windows\System32\KERNELBASE.dll
0x00007ffba5960000 - 0x00007ffba5a01000 	C:\windows\System32\ADVAPI32.dll
0x00007ffba5a10000 - 0x00007ffba5aae000 	C:\windows\System32\msvcrt.dll
0x00007ffba3d70000 - 0x00007ffba3dcb000 	C:\windows\System32\sechost.dll
0x00007ffba4180000 - 0x00007ffba42a4000 	C:\windows\System32\RPCRT4.dll
0x00007ffba42b0000 - 0x00007ffba4440000 	C:\windows\System32\USER32.dll
0x00007ffba3a50000 - 0x00007ffba3a70000 	C:\windows\System32\win32u.dll
0x00007ffba3e30000 - 0x00007ffba3e58000 	C:\windows\System32\GDI32.dll
0x00007ffba3800000 - 0x00007ffba3992000 	C:\windows\System32\gdi32full.dll
0x00007ffba3050000 - 0x00007ffba30ef000 	C:\windows\System32\msvcp_win.dll
0x00007ffba2c80000 - 0x00007ffba2d7a000 	C:\windows\System32\ucrtbase.dll
0x00007ffb87c90000 - 0x00007ffb87ef9000 	C:\windows\WinSxS\amd64_microsoft.windows.common-controls_6595b64144ccf1df_6.0.17134.523_none_fb409dd930672a56\COMCTL32.dll
0x00007ffba6550000 - 0x00007ffba6872000 	C:\windows\System32\combase.dll
0x00007ffba00b0000 - 0x00007ffba00ba000 	C:\windows\SYSTEM32\VERSION.dll
0x00007ffba3c60000 - 0x00007ffba3cda000 	C:\windows\System32\bcryptPrimitives.dll
0x00007ffba3d40000 - 0x00007ffba3d6d000 	C:\windows\System32\IMM32.DLL
0x00007ffb761e0000 - 0x00007ffb762cf000 	C:\Java\jdk-10\bin\msvcr120.dll
0x00007ffb71f80000 - 0x00007ffb72026000 	C:\Java\jdk-10\bin\msvcp120.dll
0x0000000057130000 - 0x0000000057ba0000 	C:\Java\jdk-10\bin\server\jvm.dll
0x00007ffba6210000 - 0x00007ffba6218000 	C:\windows\System32\PSAPI.DLL
0x00007ffb9de40000 - 0x00007ffb9de63000 	C:\windows\SYSTEM32\WINMM.dll
0x00007ffb8b970000 - 0x00007ffb8b979000 	C:\windows\SYSTEM32\WSOCK32.dll
0x00007ffba5ab0000 - 0x00007ffba5b1c000 	C:\windows\System32\WS2_32.dll
0x00007ffb9de10000 - 0x00007ffb9de3a000 	C:\windows\SYSTEM32\WINMMBASE.dll
0x00007ffba2d80000 - 0x00007ffba2dc9000 	C:\windows\System32\cfgmgr32.dll
0x00007ffb9a430000 - 0x00007ffb9a43f000 	C:\Java\jdk-10\bin\verify.dll
0x00007ffb9cd60000 - 0x00007ffb9cf29000 	C:\windows\SYSTEM32\DBGHELP.DLL
0x00007ffb9cd30000 - 0x00007ffb9cd59000 	C:\windows\SYSTEM32\dbgcore.DLL
0x00007ffb886c0000 - 0x00007ffb886e7000 	C:\Java\jdk-10\bin\java.dll
0x00007ffb85190000 - 0x00007ffb851c6000 	C:\Java\jdk-10\bin\jdwp.dll
0x00007ffb850d0000 - 0x00007ffb850fa000 	C:\Java\jdk-10\bin\instrument.dll
0x00007ffb87750000 - 0x00007ffb87766000 	C:\Java\jdk-10\bin\zip.dll
0x00007ffb9a410000 - 0x00007ffb9a41a000 	C:\Java\jdk-10\bin\jimage.dll
0x00007ffba4440000 - 0x00007ffba5880000 	C:\windows\System32\SHELL32.dll
0x00007ffba63b0000 - 0x00007ffba6459000 	C:\windows\System32\shcore.dll
0x00007ffba30f0000 - 0x00007ffba37fd000 	C:\windows\System32\windows.storage.dll
0x00007ffba5900000 - 0x00007ffba5951000 	C:\windows\System32\shlwapi.dll
0x00007ffba2be0000 - 0x00007ffba2bf1000 	C:\windows\System32\kernel.appcore.dll
0x00007ffba2bc0000 - 0x00007ffba2bdf000 	C:\windows\System32\profapi.dll
0x00007ffba2c00000 - 0x00007ffba2c4c000 	C:\windows\System32\powrprof.dll
0x00007ffba2c50000 - 0x00007ffba2c5a000 	C:\windows\System32\FLTLIB.DLL
0x00007ffb8c1c0000 - 0x00007ffb8c1ca000 	C:\Java\jdk-10\bin\dt_socket.dll
0x00007ffba23e0000 - 0x00007ffba2446000 	C:\windows\system32\mswsock.dll
0x00007ffb874f0000 - 0x00007ffb8750a000 	C:\Java\jdk-10\bin\net.dll
0x00007ffb9f3a0000 - 0x00007ffb9f47d000 	C:\windows\SYSTEM32\WINHTTP.dll
0x00007ffb874d0000 - 0x00007ffb874e1000 	C:\Java\jdk-10\bin\nio.dll
0x00007ffba2590000 - 0x00007ffba25a7000 	C:\windows\SYSTEM32\CRYPTSP.dll
0x00007ffba1fc0000 - 0x00007ffba1ff3000 	C:\windows\system32\rsaenh.dll
0x00007ffba26c0000 - 0x00007ffba26e5000 	C:\windows\SYSTEM32\bcrypt.dll
0x00007ffba2ac0000 - 0x00007ffba2ae8000 	C:\windows\SYSTEM32\USERENV.dll
0x00007ffba25b0000 - 0x00007ffba25bb000 	C:\windows\SYSTEM32\CRYPTBASE.dll
0x00007ffba2160000 - 0x00007ffba2198000 	C:\windows\SYSTEM32\IPHLPAPI.DLL
0x00007ffba6520000 - 0x00007ffba6528000 	C:\windows\System32\NSI.dll
0x00007ffb9bd20000 - 0x00007ffb9bd36000 	C:\windows\SYSTEM32\dhcpcsvc6.DLL
0x00007ffb9bd00000 - 0x00007ffb9bd1a000 	C:\windows\SYSTEM32\dhcpcsvc.DLL
0x0000017796560000 - 0x0000017796563000 	C:\Java\jdk-10\bin\api-ms-win-core-console-l1-1-0.dll
0x0000017796570000 - 0x0000017796573000 	C:\Java\jdk-10\bin\api-ms-win-core-datetime-l1-1-0.dll
0x00000177b91c0000 - 0x00000177b91c3000 	C:\Java\jdk-10\bin\api-ms-win-core-debug-l1-1-0.dll
0x00000177b91d0000 - 0x00000177b91d3000 	C:\Java\jdk-10\bin\api-ms-win-core-errorhandling-l1-1-0.dll
0x00000177b91e0000 - 0x00000177b91e4000 	C:\Java\jdk-10\bin\api-ms-win-core-file-l1-1-0.dll
0x00000177b91f0000 - 0x00000177b91f3000 	C:\Java\jdk-10\bin\api-ms-win-core-file-l1-2-0.dll
0x00000177b9200000 - 0x00000177b9203000 	C:\Java\jdk-10\bin\api-ms-win-core-file-l2-1-0.dll
0x00000177b9210000 - 0x00000177b9213000 	C:\Java\jdk-10\bin\api-ms-win-core-handle-l1-1-0.dll
0x00000177b9220000 - 0x00000177b9223000 	C:\Java\jdk-10\bin\api-ms-win-core-heap-l1-1-0.dll
0x00000177b9230000 - 0x00000177b9233000 	C:\Java\jdk-10\bin\api-ms-win-core-interlocked-l1-1-0.dll
0x00000177b9240000 - 0x00000177b9243000 	C:\Java\jdk-10\bin\api-ms-win-core-libraryloader-l1-1-0.dll
0x00000177b9250000 - 0x00000177b9253000 	C:\Java\jdk-10\bin\api-ms-win-core-localization-l1-2-0.dll
0x00000177b9260000 - 0x00000177b9263000 	C:\Java\jdk-10\bin\api-ms-win-core-memory-l1-1-0.dll
0x00000177b9270000 - 0x00000177b9273000 	C:\Java\jdk-10\bin\api-ms-win-core-namedpipe-l1-1-0.dll
0x00000177b9280000 - 0x00000177b9283000 	C:\Java\jdk-10\bin\api-ms-win-core-processenvironment-l1-1-0.dll
0x00000177b9290000 - 0x00000177b9293000 	C:\Java\jdk-10\bin\api-ms-win-core-processthreads-l1-1-0.dll
0x00000177b92a0000 - 0x00000177b92a3000 	C:\Java\jdk-10\bin\api-ms-win-core-processthreads-l1-1-1.dll
0x00000177b92b0000 - 0x00000177b92b3000 	C:\Java\jdk-10\bin\api-ms-win-core-profile-l1-1-0.dll
0x00000177b92c0000 - 0x00000177b92c3000 	C:\Java\jdk-10\bin\api-ms-win-core-rtlsupport-l1-1-0.dll
0x00000177b92d0000 - 0x00000177b92d3000 	C:\Java\jdk-10\bin\api-ms-win-core-string-l1-1-0.dll
0x00000177b92e0000 - 0x00000177b92e3000 	C:\Java\jdk-10\bin\api-ms-win-core-synch-l1-1-0.dll
0x00000177b92f0000 - 0x00000177b92f3000 	C:\Java\jdk-10\bin\api-ms-win-core-synch-l1-2-0.dll
0x00000177b9300000 - 0x00000177b9303000 	C:\Java\jdk-10\bin\api-ms-win-core-sysinfo-l1-1-0.dll
0x00000177b9310000 - 0x00000177b9313000 	C:\Java\jdk-10\bin\api-ms-win-core-timezone-l1-1-0.dll
0x00000177b9320000 - 0x00000177b9323000 	C:\Java\jdk-10\bin\api-ms-win-core-util-l1-1-0.dll
0x00000177b9330000 - 0x00000177b9333000 	C:\Java\jdk-10\bin\api-ms-win-crt-conio-l1-1-0.dll
0x00000177b9340000 - 0x00000177b9344000 	C:\Java\jdk-10\bin\api-ms-win-crt-convert-l1-1-0.dll
0x00000177b9350000 - 0x00000177b9353000 	C:\Java\jdk-10\bin\api-ms-win-crt-environment-l1-1-0.dll
0x00000177b9360000 - 0x00000177b9363000 	C:\Java\jdk-10\bin\api-ms-win-crt-filesystem-l1-1-0.dll
0x00000177b9370000 - 0x00000177b9373000 	C:\Java\jdk-10\bin\api-ms-win-crt-heap-l1-1-0.dll
0x00000177b9380000 - 0x00000177b9383000 	C:\Java\jdk-10\bin\api-ms-win-crt-locale-l1-1-0.dll
0x00000177b9390000 - 0x00000177b9395000 	C:\Java\jdk-10\bin\api-ms-win-crt-math-l1-1-0.dll
0x00000177b93a0000 - 0x00000177b93a5000 	C:\Java\jdk-10\bin\api-ms-win-crt-multibyte-l1-1-0.dll
0x00000177b93b0000 - 0x00000177b93c0000 	C:\Java\jdk-10\bin\api-ms-win-crt-private-l1-1-0.dll
0x00000177b93c0000 - 0x00000177b93c3000 	C:\Java\jdk-10\bin\api-ms-win-crt-process-l1-1-0.dll
0x00000177b93d0000 - 0x00000177b93d4000 	C:\Java\jdk-10\bin\api-ms-win-crt-runtime-l1-1-0.dll
0x00000177b93e0000 - 0x00000177b93e4000 	C:\Java\jdk-10\bin\api-ms-win-crt-stdio-l1-1-0.dll
0x00000177b93f0000 - 0x00000177b93f4000 	C:\Java\jdk-10\bin\api-ms-win-crt-string-l1-1-0.dll
0x00000177b9400000 - 0x00000177b9403000 	C:\Java\jdk-10\bin\api-ms-win-crt-time-l1-1-0.dll
0x00000177b9410000 - 0x00000177b9413000 	C:\Java\jdk-10\bin\api-ms-win-crt-utility-l1-1-0.dll
0x00007ffb6fef0000 - 0x00007ffb6ffe6000 	C:\Java\jdk-10\bin\ucrtbase.dll
0x00007ffb85100000 - 0x00007ffb85116000 	C:\Java\jdk-10\bin\vcruntime140.dll
0x00007ffb76140000 - 0x00007ffb761dc000 	C:\Java\jdk-10\bin\msvcp140.dll
0x00007ffb72400000 - 0x00007ffb72451000 	C:\Java\jdk-10\bin\concrt140.dll
0x00007ffb76110000 - 0x00007ffb76133000 	C:\Java\jdk-10\bin\prism_d3d.dll
0x00007ffb86a90000 - 0x00007ffb86c27000 	C:\windows\system32\d3d9.dll
0x00007ffba1330000 - 0x00007ffba1359000 	C:\windows\SYSTEM32\dwmapi.dll
0x00007ffba10e0000 - 0x00007ffba1178000 	C:\windows\system32\uxtheme.dll
0x00007ffb78200000 - 0x00007ffb7d9e4000 	C:\Windows\System32\DriverStore\FileRepository\igdlh64.inf_amd64_82119d956c80af5a\igdumdim64.dll
0x00007ffba5cf0000 - 0x00007ffba5db2000 	C:\windows\System32\OLEAUT32.dll
0x00007ffba5b20000 - 0x00007ffba5c71000 	C:\windows\System32\ole32.dll
0x00007ffba5dc0000 - 0x00007ffba620b000 	C:\windows\System32\SETUPAPI.dll
0x00007ffb6fe20000 - 0x00007ffb6fe6a000 	C:\Java\jdk-10\bin\glass.dll
0x00007ffba6220000 - 0x00007ffba630d000 	C:\windows\System32\COMDLG32.dll
0x00007ffba4000000 - 0x00007ffba4173000 	C:\windows\System32\MSCTF.dll
0x00007ffb99270000 - 0x00007ffb9a3cc000 	C:\Windows\System32\DriverStore\FileRepository\igdlh64.inf_amd64_82119d956c80af5a\igc64.dll
0x00007ffb850b0000 - 0x00007ffb850c4000 	C:\Java\jdk-10\bin\javafx_font.dll
0x00007ffb65e00000 - 0x00007ffb65f9b000 	C:\Java\jdk-10\bin\awt.dll
0x00007ffb9d820000 - 0x00007ffb9dde7000 	C:\windows\SYSTEM32\d2d1.dll
0x00007ffb9ef40000 - 0x00007ffb9efcb000 	C:\windows\SYSTEM32\apphelp.dll
0x00007ffb6e650000 - 0x00007ffb6e6b5000 	C:\Java\jdk-10\bin\fontmanager.dll
0x00007ffb94ce0000 - 0x00007ffb94ffc000 	C:\windows\SYSTEM32\dwrite.dll
0x00007ffb74570000 - 0x00007ffb74593000 	C:\Java\jdk-10\bin\javafx_iio.dll
0x00007ffba6310000 - 0x00007ffba63b0000 	C:\windows\System32\clbcatq.dll
0x00007ffba07d0000 - 0x00007ffba097e000 	C:\windows\SYSTEM32\WindowsCodecs.dll
0x00007ffb83ce0000 - 0x00007ffb83d38000 	C:\windows\system32\dataexchange.dll
0x00007ffb9d3b0000 - 0x00007ffb9d6bb000 	C:\windows\system32\d3d11.dll
0x00007ffb9df20000 - 0x00007ffb9e0bc000 	C:\windows\system32\dcomp.dll
0x00007ffba1980000 - 0x00007ffba1a3b000 	C:\windows\system32\dxgi.dll
0x00007ffba1470000 - 0x00007ffba1628000 	C:\windows\system32\twinapi.appcore.dll

dbghelp: loaded successfully - version: 4.0.5 - missing functions: none
symbol engine: initialized successfully - sym options: 0x614 - pdb path: .;C:\Java\jdk-10\bin;C:\windows\SYSTEM32;C:\windows\WinSxS\amd64_microsoft.windows.common-controls_6595b64144ccf1df_6.0.17134.523_none_fb409dd930672a56;C:\Java\jdk-10\bin\server;C:\Windows\System32\DriverStore\FileRepository\igdlh64.inf_amd64_82119d956c80af5a;C:\Program Files\Common Files\Microsoft Shared\Ink

VM Arguments:
jvm_args: -agentlib:jdwp=transport=dt_socket,address=127.0.0.1:62690,suspend=y,server=n -javaagent:C:\Users\Storytime\AppData\Local\JetBrains\Toolbox\apps\IDEA-U\ch-0\183.4588.61\lib\rt\debugger-agent.jar -Dfile.encoding=UTF-8 
java_command: ApplicationStart --add-modules java.xml.bind
java_class_path (initial): C:\Users\Storytime\Desktop\Оставь надежду, всяк сюда входящий\6 Семестр\Зотин\Курсовая\Project\target\classes;C:\Users\Storytime\Desktop\Оставь надежду, всяк сюда входящий\6 Семестр\Зотин\Курсовая\Project\lib\javax.persistence-api-2.2.jar;C:\Users\Storytime\Desktop\Оставь надежду, всяк сюда входящий\6 Семестр\Зотин\Курсовая\Project\lib\javassist-3.23.1-GA.jar;C:\Users\Storytime\Desktop\Оставь надежду, всяк сюда входящий\6 Семестр\Зотин\Курсовая\Project\lib\jboss-transaction-api_1.2_spec-1.1.1.Final.jar;C:\Users\Storytime\Desktop\Оставь надежду, всяк сюда входящий\6 Семестр\Зотин\Курсовая\Project\lib\hibernate-core-5.3.6.Final.jar;C:\Users\Storytime\Desktop\Оставь надежду, всяк сюда входящий\6 Семестр\Зотин\Курсовая\Project\lib\antlr-2.7.7.jar;C:\Users\Storytime\Desktop\Оставь надежду, всяк сюда входящий\6 Семестр\Зотин\Курсовая\Project\lib\hibernate-commons-annotations-5.0.4.Final.jar;C:\Users\Storytime\Desktop\Оставь надежду, всяк сюда входящий\6 Семестр\Зотин\Курсовая\Project\lib\javax.activation-api-1.2.0.jar;C:\Users\Storytime\Desktop\Оставь надежду, всяк сюда входящий\6 Семестр\Зотин\Курсовая\Project\lib\classmate-1.3.4.jar;C:\Users\Storytime\Desktop\Оставь надежду, всяк сюда входящий\6 Семестр\Зотин\Курсовая\Project\lib\dom4j-1.6.1.jar;C:\Users\Storytime\Desktop\Оставь надежду, всяк сюда входящий\6 Семестр\Зотин\Курсовая\Project\lib\jboss-logging-3.3.2.Final.jar;C:\Users\Storytime\Desktop\Оставь надежду, всяк сюда входящий\6 Семестр\Зотин\Курсовая\Project\lib\jandex-2.0.5.Final.jar;C:\Users\Storytime\Desktop\Оставь надежду, всяк сюда входящий\6 Семестр\Зотин\Курсовая\Project\lib\byte-buddy-1.8.17.jar;C:\Java\javafx-sdk-11\lib\javafx.fxml.jar;C:\Users\Storytime\.m2\repository\javax\xml\bind\jaxb-api\2.3.0\jaxb-api-2.3.0.jar;C:\Users\Storytime\.m2\repository\com\sun\xml\bind\jaxb-impl\2.3.0\jaxb-impl-2.3.0.jar;C:\Users\Storytime\.m2\repository\com\sun\xml\bind\jaxb-core\2.3.0\jaxb-core-2.3.0.jar;C:\Users\Storytime\.m2\repository\org\
Launcher Type: SUN_STANDARD

Logging:
Log output configuration:
#0: stdout all=warning uptime,level,tags
#1: stderr all=off uptime,level,tags

Environment Variables:
PATH=C:\Python\Scripts\;C:\Python\;c:\program files (x86)\common files\oracle\java\javapath;c:\windows\system32;c:\windows;c:\windows\system32\wbem;c:\windows\system32\windowspowershell\v1.0\;c:\windows\system32\openssh\;C:\Program Files\Intel\WiFi\bin\;C:\Program Files\Common Files\Intel\WirelessCommon\;C:\Program Files (x86)\NVIDIA Corporation\PhysX\Common;C:\Java\jdk-11\bin;C:\Ruby\bin;C:\Users\Storytime\AppData\Local\Microsoft\WindowsApps;C:\Program Files\Intel\WiFi\bin\;C:\Program Files\Common Files\Intel\WirelessCommon\;C:\Users\Storytime\AppData\Local\atom\bin;C:\Gradle\gradle-5.0\bin;C:\Java\jdk-11\bin
USERNAME=Storytime
OS=Windows_NT
PROCESSOR_IDENTIFIER=Intel64 Family 6 Model 78 Stepping 3, GenuineIntel



---------------  S Y S T E M  ---------------

OS: Windows 10 , 64 bit Build 17134 (10.0.17134.1)

CPU:total 4 (initial active 4) (2 cores per cpu, 2 threads per core) family 6 model 78 stepping 3, cmov, cx8, fxsr, mmx, sse, sse2, sse3, ssse3, sse4.1, sse4.2, popcnt, avx, avx2, aes, clmul, erms, 3dnowpref, lzcnt, ht, tsc, tscinvbit, bmi1, bmi2, adx, fma

Memory: 4k page, physical 8259488k(1602092k free), swap 17386380k(3505740k free)

vm_info: Java HotSpot(TM) 64-Bit Server VM (10.0.2+13) for windows-amd64 JRE (10.0.2+13), built on Jun 28 2018 01:57:56 by "mach5one" with MS VC++ 12.0 (VS2013)

END.
